EDA Netlist Writer report for musa
Thu Dec 18 11:45:02 2014
Quartus II 32-bit Version 13.1.0 Build 162 10/23/2013 SJ Web Edition


---------------------
; Table of Contents ;
---------------------
  1. Legal Notice
  2. EDA Netlist Writer Summary
  3. Simulation Settings
  4. Simulation Generated Files
  5. EDA Netlist Writer Messages



----------------
; Legal Notice ;
----------------
Copyright (C) 1991-2013 Altera Corporation
Your use of Altera Corporation's design tools, logic functions 
and other software and tools, and its AMPP partner logic 
functions, and any output files from any of the foregoing 
(including device programming or simulation files), and any 
associated documentation or information are expressly subject 
to the terms and conditions of the Altera Program License 
Subscription Agreement, Altera MegaCore Function License 
Agreement, or other applicable license agreement, including, 
without limitation, that your use is for the sole purpose of 
programming logic devices manufactured by Altera and sold by 
Altera or its authorized distributors.  Please refer to the 
applicable agreement for further details.



+-------------------------------------------------------------------+
; EDA Netlist Writer Summary                                        ;
+---------------------------+---------------------------------------+
; EDA Netlist Writer Status ; Successful - Thu Dec 18 11:45:02 2014 ;
; Revision Name             ; musa                                  ;
; Top-level Entity Name     ; musa                                  ;
; Family                    ; Cyclone III                           ;
; Simulation Files Creation ; Successful                            ;
+---------------------------+---------------------------------------+


+-------------------------------------------------------------------------------------------------------------------------------+
; Simulation Settings                                                                                                           ;
+---------------------------------------------------------------------------------------------------+---------------------------+
; Option                                                                                            ; Setting                   ;
+---------------------------------------------------------------------------------------------------+---------------------------+
; Tool Name                                                                                         ; ModelSim-Altera (Verilog) ;
; Generate netlist for functional simulation only                                                   ; Off                       ;
; Time scale                                                                                        ; 1 ps                      ;
; Truncate long hierarchy paths                                                                     ; Off                       ;
; Map illegal HDL characters                                                                        ; Off                       ;
; Flatten buses into individual nodes                                                               ; Off                       ;
; Maintain hierarchy                                                                                ; Off                       ;
; Bring out device-wide set/reset signals as ports                                                  ; Off                       ;
; Enable glitch filtering                                                                           ; Off                       ;
; Do not write top level VHDL entity                                                                ; Off                       ;
; Disable detection of setup and hold time violations in the input registers of bi-directional pins ; Off                       ;
; Architecture name in VHDL output netlist                                                          ; structure                 ;
; Generate third-party EDA tool command script for RTL functional simulation                        ; Off                       ;
; Generate third-party EDA tool command script for gate-level simulation                            ; Off                       ;
+---------------------------------------------------------------------------------------------------+---------------------------+


+--------------------------------------------------------------------------------------------------+
; Simulation Generated Files                                                                       ;
+--------------------------------------------------------------------------------------------------+
; Generated Files                                                                                  ;
+--------------------------------------------------------------------------------------------------+
; C:/Users/Matheus/Documents/t02-core-musa/rtl/simulation/modelsim/musa_7_1200mv_100c_slow.vo      ;
; C:/Users/Matheus/Documents/t02-core-musa/rtl/simulation/modelsim/musa_7_1200mv_-40c_slow.vo      ;
; C:/Users/Matheus/Documents/t02-core-musa/rtl/simulation/modelsim/musa_min_1200mv_-40c_fast.vo    ;
; C:/Users/Matheus/Documents/t02-core-musa/rtl/simulation/modelsim/musa.vo                         ;
; C:/Users/Matheus/Documents/t02-core-musa/rtl/simulation/modelsim/musa_7_1200mv_100c_v_slow.sdo   ;
; C:/Users/Matheus/Documents/t02-core-musa/rtl/simulation/modelsim/musa_7_1200mv_-40c_v_slow.sdo   ;
; C:/Users/Matheus/Documents/t02-core-musa/rtl/simulation/modelsim/musa_min_1200mv_-40c_v_fast.sdo ;
; C:/Users/Matheus/Documents/t02-core-musa/rtl/simulation/modelsim/musa_v.sdo                      ;
+--------------------------------------------------------------------------------------------------+


+-----------------------------+
; EDA Netlist Writer Messages ;
+-----------------------------+
Info: *******************************************************************
Info: Running Quartus II 32-bit EDA Netlist Writer
    Info: Version 13.1.0 Build 162 10/23/2013 SJ Web Edition
    Info: Processing started: Thu Dec 18 11:44:59 2014
Info: Command: quartus_eda --read_settings_files=off --write_settings_files=off core-musa -c musa
Info (204019): Generated file musa_7_1200mv_100c_slow.vo in folder "C:/Users/Matheus/Documents/t02-core-musa/rtl/simulation/modelsim/" for EDA simulation tool
Info (204019): Generated file musa_7_1200mv_-40c_slow.vo in folder "C:/Users/Matheus/Documents/t02-core-musa/rtl/simulation/modelsim/" for EDA simulation tool
Info (204019): Generated file musa_min_1200mv_-40c_fast.vo in folder "C:/Users/Matheus/Documents/t02-core-musa/rtl/simulation/modelsim/" for EDA simulation tool
Info (204019): Generated file musa.vo in folder "C:/Users/Matheus/Documents/t02-core-musa/rtl/simulation/modelsim/" for EDA simulation tool
Info (204019): Generated file musa_7_1200mv_100c_v_slow.sdo in folder "C:/Users/Matheus/Documents/t02-core-musa/rtl/simulation/modelsim/" for EDA simulation tool
Info (204019): Generated file musa_7_1200mv_-40c_v_slow.sdo in folder "C:/Users/Matheus/Documents/t02-core-musa/rtl/simulation/modelsim/" for EDA simulation tool
Info (204019): Generated file musa_min_1200mv_-40c_v_fast.sdo in folder "C:/Users/Matheus/Documents/t02-core-musa/rtl/simulation/modelsim/" for EDA simulation tool
Info (204019): Generated file musa_v.sdo in folder "C:/Users/Matheus/Documents/t02-core-musa/rtl/simulation/modelsim/" for EDA simulation tool
Info: Quartus II 32-bit EDA Netlist Writer was successful. 0 errors, 0 warnings
    Info: Peak virtual memory: 347 megabytes
    Info: Processing ended: Thu Dec 18 11:45:02 2014
    Info: Elapsed time: 00:00:03
    Info: Total CPU time (on all processors): 00:00:03


