Flow report for musa
Thu Dec 18 17:42:58 2014
Quartus II Version 9.0 Build 132 02/25/2009 SJ Web Edition


---------------------
; Table of Contents ;
---------------------
  1. Legal Notice
  2. Flow Summary
  3. Flow Settings
  4. Flow Non-Default Global Settings
  5. Flow Elapsed Time
  6. Flow OS Summary
  7. Flow Log



----------------
; Legal Notice ;
----------------
Copyright (C) 1991-2009 Altera Corporation
Your use of Altera Corporation's design tools, logic functions 
and other software and tools, and its AMPP partner logic 
functions, and any output files from any of the foregoing 
(including device programming or simulation files), and any 
associated documentation or information are expressly subject 
to the terms and conditions of the Altera Program License 
Subscription Agreement, Altera MegaCore Function License 
Agreement, or other applicable license agreement, including, 
without limitation, that your use is for the sole purpose of 
programming logic devices manufactured by Altera and sold by 
Altera or its authorized distributors.  Please refer to the 
applicable agreement for further details.



+------------------------------------------------------------------------------+
; Flow Summary                                                                 ;
+------------------------------------+-----------------------------------------+
; Flow Status                        ; Successful - Thu Dec 18 17:42:57 2014   ;
; Quartus II Version                 ; 9.0 Build 132 02/25/2009 SJ Web Edition ;
; Revision Name                      ; musa                                    ;
; Top-level Entity Name              ; musa                                    ;
; Family                             ; Cyclone II                              ;
; Device                             ; EP2C35F672C6                            ;
; Timing Models                      ; Final                                   ;
; Met timing requirements            ; No                                      ;
; Total logic elements               ; 5,021 / 33,216 ( 15 % )                 ;
;     Total combinational functions  ; 5,021 / 33,216 ( 15 % )                 ;
;     Dedicated logic registers      ; 63 / 33,216 ( < 1 % )                   ;
; Total registers                    ; 63                                      ;
; Total pins                         ; 18 / 475 ( 4 % )                        ;
; Total virtual pins                 ; 0                                       ;
; Total memory bits                  ; 40,960 / 483,840 ( 8 % )                ;
; Embedded Multiplier 9-bit elements ; 6 / 70 ( 9 % )                          ;
; Total PLLs                         ; 0 / 4 ( 0 % )                           ;
+------------------------------------+-----------------------------------------+


+-----------------------------------------+
; Flow Settings                           ;
+-------------------+---------------------+
; Option            ; Setting             ;
+-------------------+---------------------+
; Start date & time ; 12/18/2014 17:39:45 ;
; Main task         ; Compilation         ;
; Revision Name     ; musa                ;
+-------------------+---------------------+


+---------------------------------------------------------------------------------------------------------------------------------------------------------+
; Flow Non-Default Global Settings                                                                                                                        ;
+-------------------------------------+--------------------------------------------------------------------+---------------+-------------+----------------+
; Assignment Name                     ; Value                                                              ; Default Value ; Entity Name ; Section Id     ;
+-------------------------------------+--------------------------------------------------------------------+---------------+-------------+----------------+
; COMPILER_SIGNATURE_ID               ; 105425941268.141893158300972                                       ; --            ; --          ; --             ;
; EDA_OUTPUT_DATA_FORMAT              ; Verilog Hdl                                                        ; --            ; --          ; eda_simulation ;
; EDA_SIMULATION_TOOL                 ; ModelSim-Altera (Verilog)                                          ; <None>        ; --          ; --             ;
; EDA_TIME_SCALE                      ; 1 ps                                                               ; --            ; --          ; eda_simulation ;
; IP_TOOL_NAME                        ; RAM: 1-PORT                                                        ; --            ; --          ; --             ;
; IP_TOOL_VERSION                     ; 13.1                                                               ; --            ; --          ; --             ;
; MAX_CORE_JUNCTION_TEMP              ; 85                                                                 ; --            ; --          ; --             ;
; MIN_CORE_JUNCTION_TEMP              ; 0                                                                  ; --            ; --          ; --             ;
; MISC_FILE                           ; C:/Documents and Settings/Aluno/Desktop/t02-core-musa/rtl/musa.dpf ; --            ; --          ; --             ;
; MISC_FILE                           ; data_memory_bb.v                                                   ; --            ; --          ; --             ;
; PARTITION_COLOR                     ; 16764057                                                           ; --            ; --          ; Top            ;
; PARTITION_FITTER_PRESERVATION_LEVEL ; PLACEMENT_AND_ROUTING                                              ; --            ; --          ; Top            ;
; PARTITION_NETLIST_TYPE              ; SOURCE                                                             ; --            ; --          ; Top            ;
; PROJECT_OUTPUT_DIRECTORY            ; output_files                                                       ; --            ; --          ; --             ;
+-------------------------------------+--------------------------------------------------------------------+---------------+-------------+----------------+


+-----------------------------------------------------------------------------------------------------------------------------+
; Flow Elapsed Time                                                                                                           ;
+-------------------------+--------------+-------------------------+---------------------+------------------------------------+
; Module Name             ; Elapsed Time ; Average Processors Used ; Peak Virtual Memory ; Total CPU Time (on all processors) ;
+-------------------------+--------------+-------------------------+---------------------+------------------------------------+
; Analysis & Synthesis    ; 00:00:36     ; 1.0                     ; 198 MB              ; 00:00:35                           ;
; Fitter                  ; 00:01:09     ; 1.0                     ; 250 MB              ; 00:01:09                           ;
; Assembler               ; 00:00:08     ; 1.0                     ; 220 MB              ; 00:00:07                           ;
; Classic Timing Analyzer ; 00:00:04     ; 1.0                     ; 154 MB              ; 00:00:04                           ;
; EDA Netlist Writer      ; 00:00:08     ; 1.0                     ; 173 MB              ; 00:00:08                           ;
; Total                   ; 00:02:05     ; --                      ; --                  ; 00:02:03                           ;
+-------------------------+--------------+-------------------------+---------------------+------------------------------------+


+---------------------------------------------------------------------------------------+
; Flow OS Summary                                                                       ;
+-------------------------+------------------+------------+------------+----------------+
; Module Name             ; Machine Hostname ; OS Name    ; OS Version ; Processor type ;
+-------------------------+------------------+------------+------------+----------------+
; Analysis & Synthesis    ; labhard-16       ; Windows XP ; 5.1        ; i1586          ;
; Fitter                  ; labhard-16       ; Windows XP ; 5.1        ; i1586          ;
; Assembler               ; labhard-16       ; Windows XP ; 5.1        ; i1586          ;
; Classic Timing Analyzer ; labhard-16       ; Windows XP ; 5.1        ; i1586          ;
; EDA Netlist Writer      ; labhard-16       ; Windows XP ; 5.1        ; i1586          ;
+-------------------------+------------------+------------+------------+----------------+


------------
; Flow Log ;
------------
quartus_map --read_settings_files=on --write_settings_files=off core-musa -c musa
quartus_fit --read_settings_files=off --write_settings_files=off core-musa -c musa
quartus_asm --read_settings_files=off --write_settings_files=off core-musa -c musa
quartus_tan --read_settings_files=off --write_settings_files=off core-musa -c musa --timing_analysis_only
quartus_eda --read_settings_files=off --write_settings_files=off core-musa -c musa



